TN:
SF:index.js
FNF:0
FNH:0
DA:1,1
DA:2,1
DA:3,1
DA:5,1
DA:6,1
DA:8,1
LF:6
LH:6
BRF:0
BRH:0
end_of_record
TN:
SF:middleware/auth.js
FN:1,(anonymous_0)
FNF:1
FNH:1
FNDA:2,(anonymous_0)
DA:1,1
DA:2,2
DA:3,2
DA:4,1
DA:6,1
LF:5
LH:5
BRDA:3,0,0,1
BRDA:3,0,1,1
BRF:2
BRH:2
end_of_record
TN:
SF:routes/devops.js
FN:6,(anonymous_0)
FN:27,(anonymous_1)
FNF:2
FNH:2
FNDA:1,(anonymous_0)
FNDA:3,(anonymous_1)
DA:1,1
DA:2,1
DA:3,1
DA:4,1
DA:6,1
DA:7,1
DA:9,1
DA:10,0
DA:13,1
DA:19,1
DA:21,1
DA:27,1
DA:28,3
DA:31,1
LF:14
LH:13
BRDA:9,0,0,0
BRDA:9,0,1,1
BRDA:9,1,0,1
BRDA:9,1,1,1
BRDA:9,1,2,1
BRDA:9,1,3,1
BRDA:15,2,0,1
BRDA:15,2,1,1
BRDA:23,3,0,1
BRDA:23,3,1,1
BRF:10
BRH:9
end_of_record
